{
  "RSpec": {
    "coverage": {
      "/Users/athityakumar/Documents/GitHub/Sciruby/daru-io/lib/daru/io.rb": [
        1,
        1,
        1
      ],
      "/Users/athityakumar/Documents/GitHub/Sciruby/daru-io/lib/daru/io/importers.rb": [
        4
      ],
      "/Users/athityakumar/Documents/GitHub/Sciruby/daru-io/lib/daru/io/importers/csv.rb": [
        1,
        null,
        1,
        1,
        1,
        1,
        1,
        1,
        23,
        null,
        null,
        23,
        23,
        3,
        null,
        null,
        null,
        40,
        null,
        23,
        null,
        null,
        null,
        1,
        1,
        1,
        null,
        1,
        23,
        23,
        null,
        23,
        55,
        null,
        23,
        null,
        null,
        1,
        3,
        null,
        null,
        3,
        12,
        null,
        null,
        1,
        20,
        null,
        null,
        20,
        null,
        20,
        20,
        159,
        null,
        null,
        null,
        null,
        null,
        null
      ],
      "/Users/athityakumar/Documents/GitHub/Sciruby/daru-io/lib/daru/io/importers/linkages/csv.rb": [
        1,
        null,
        1,
        1,
        1,
        null,
        null,
        null,
        null,
        null,
        null,
        null,
        null,
        null,
        null,
        null,
        null,
        null,
        null,
        null,
        null,
        null,
        null,
        null,
        null,
        null,
        null,
        null,
        null,
        null,
        null,
        null,
        null,
        null,
        null,
        1,
        null,
        null,
        null,
        null,
        null,
        null,
        null,
        null,
        null,
        null,
        null,
        null,
        null,
        null,
        null,
        null,
        null,
        null,
        null,
        null,
        null,
        null,
        23,
        null,
        null,
        null,
        null
      ],
      "/Users/athityakumar/Documents/GitHub/Sciruby/daru-io/lib/daru/io/importers/html.rb": [
        1,
        null,
        1,
        1,
        1,
        1,
        1,
        1,
        17,
        17,
        278,
        278,
        null,
        52,
        69,
        null,
        0,
        null,
        null,
        null,
        null,
        1,
        1,
        1,
        278,
        278,
        6570,
        278,
        278,
        146,
        null,
        null,
        1,
        48934,
        556,
        556,
        null,
        null,
        null,
        null,
        null,
        1,
        326,
        162,
        162,
        162,
        162,
        162,
        162,
        null,
        null,
        1,
        278,
        null,
        null,
        null,
        1,
        52,
        208,
        null,
        52,
        null,
        null,
        1,
        52,
        null,
        null,
        null,
        null,
        null,
        null,
        null,
        null,
        null,
        null
      ],
      "/Users/athityakumar/Documents/GitHub/Sciruby/daru-io/lib/daru/io/importers/linkages/html.rb": [
        1,
        null,
        1,
        1,
        1,
        null,
        null,
        null,
        null,
        null,
        null,
        null,
        null,
        null,
        null,
        null,
        null,
        null,
        null,
        null,
        null,
        null,
        null,
        null,
        null,
        null,
        null,
        null,
        null,
        null,
        null,
        null,
        null,
        null,
        null,
        null,
        null,
        null,
        null,
        null,
        null,
        null,
        null,
        null,
        1,
        17,
        null,
        null,
        null,
        null
      ],
      "/Users/athityakumar/Documents/GitHub/Sciruby/daru-io/lib/daru/io/importers/plaintext.rb": [
        1,
        null,
        1,
        1,
        1,
        1,
        1,
        1,
        4,
        4,
        404,
        404,
        404,
        null,
        4,
        22,
        4,
        null,
        null,
        null,
        null,
        1,
        1,
        1,
        1,
        null,
        1,
        404,
        2412,
        null,
        null,
        null,
        null,
        0,
        null,
        2412,
        null,
        null,
        null,
        null,
        1,
        2412,
        null,
        8,
        null,
        2400,
        null,
        4,
        null,
        null,
        null,
        null,
        null,
        null,
        null
      ],
      "/Users/athityakumar/Documents/GitHub/Sciruby/daru-io/lib/daru/io/importers/linkages/plaintext.rb": [
        1,
        null,
        1,
        1,
        1,
        null,
        null,
        null,
        null,
        null,
        null,
        null,
        null,
        null,
        null,
        null,
        null,
        1,
        4,
        null,
        null,
        null,
        null
      ],
      "/Users/athityakumar/Documents/GitHub/Sciruby/daru-io/lib/daru/io/exporters.rb": [
        4
      ],
      "/Users/athityakumar/Documents/GitHub/Sciruby/daru-io/lib/daru/io/exporters/csv.rb": [
        1,
        null,
        1,
        1,
        1,
        1,
        1,
        1,
        0,
        null,
        null,
        null,
        1,
        1,
        1,
        0,
        null,
        null,
        null,
        null,
        null,
        null
      ],
      "/Users/athityakumar/Documents/GitHub/Sciruby/daru-io/lib/daru/io/exporters/linkages/csv.rb": [
        1,
        null,
        1,
        1,
        1,
        1,
        0,
        0,
        null,
        0,
        null,
        0,
        null,
        0,
        null,
        null,
        null,
        null,
        null
      ],
      "/Users/athityakumar/Documents/GitHub/Sciruby/daru-io/lib/daru/io/exporters/fastest_csv.rb": [
        1,
        null,
        1,
        1,
        1,
        1,
        1,
        1,
        0,
        null,
        null,
        null,
        1,
        1,
        1,
        0,
        null,
        null,
        null,
        null,
        null,
        null
      ],
      "/Users/athityakumar/Documents/GitHub/Sciruby/daru-io/lib/daru/io/exporters/rcsv.rb": [
        1,
        null,
        1,
        1,
        1,
        1,
        1,
        1,
        0,
        null,
        null,
        null,
        1,
        1,
        1,
        0,
        null,
        null,
        null,
        null,
        null,
        null
      ]
    },
    "timestamp": 1496293174
  }
}
